[    0.000000] Linux version 4.15.0-161-generic (buildd@lcy01-amd64-012) (gcc version 7.5.0 (Ubuntu 7.5.0-3ubuntu1~18.04)) #169-Ubuntu SMP Fri Oct 15 13:41:54 UTC 2021 (Ubuntu 4.15.0-161.169-generic 4.15.18)
[    0.000000] Command line: BOOT_IMAGE=/boot/vmlinuz-4.15.0-161-generic root=LABEL=cloudimg-rootfs ro console=tty1 console=ttyS0
[    0.000000] KERNEL supported cpus:
[    0.000000]   Intel GenuineIntel
[    0.000000]   AMD AuthenticAMD
[    0.000000]   Centaur CentaurHauls
[    0.000000] x86/fpu: Supporting XSAVE feature 0x001: 'x87 floating point registers'
[    0.000000] x86/fpu: Supporting XSAVE feature 0x002: 'SSE registers'
[    0.000000] x86/fpu: Supporting XSAVE feature 0x004: 'AVX registers'
[    0.000000] x86/fpu: xstate_offset[2]:  576, xstate_sizes[2]:  256
[    0.000000] x86/fpu: Enabled xstate features 0x7, context size is 832 bytes, using 'standard' format.
[    0.000000] e820: BIOS-provided physical RAM map:
[    0.000000] BIOS-e820: [mem 0x0000000000000000-0x000000000009fbff] usable
[    0.000000] BIOS-e820: [mem 0x000000000009fc00-0x000000000009ffff] reserved
[    0.000000] BIOS-e820: [mem 0x00000000000f0000-0x00000000000fffff] reserved
[    0.000000] BIOS-e820: [mem 0x0000000000100000-0x000000003ffeffff] usable
[    0.000000] BIOS-e820: [mem 0x000000003fff0000-0x000000003fffffff] ACPI data
[    0.000000] BIOS-e820: [mem 0x00000000fec00000-0x00000000fec00fff] reserved
[    0.000000] BIOS-e820: [mem 0x00000000fee00000-0x00000000fee00fff] reserved
[    0.000000] BIOS-e820: [mem 0x00000000fffc0000-0x00000000ffffffff] reserved
[    0.000000] NX (Execute Disable) protection: active
[    0.000000] SMBIOS 2.5 present.
[    0.000000] DMI: innotek GmbH VirtualBox/VirtualBox, BIOS VirtualBox 12/01/2006
[    0.000000] Hypervisor detected: KVM
[    0.000000] e820: last_pfn = 0x3fff0 max_arch_pfn = 0x400000000
[    0.000000] MTRR: Disabled
[    0.000000] x86/PAT: MTRRs disabled, skipping PAT initialization too.
[    0.000000] CPU MTRRs all blank - virtualized system.
[    0.000000] x86/PAT: Configuration [0-7]: WB  WT  UC- UC  WB  WT  UC- UC  
[    0.000000] found SMP MP-table at [mem 0x0009fff0-0x0009ffff]
[    0.000000] Scanning 1 areas for low memory corruption
[    0.000000] RAMDISK: [mem 0x359cf000-0x36cdefff]
[    0.000000] ACPI: Early table checksum verification disabled
[    0.000000] ACPI: RSDP 0x00000000000E0000 000024 (v02 VBOX  )
[    0.000000] ACPI: XSDT 0x000000003FFF0030 00003C (v01 VBOX   VBOXXSDT 00000001 ASL  00000061)
[    0.000000] ACPI: FACP 0x000000003FFF00F0 0000F4 (v04 VBOX   VBOXFACP 00000001 ASL  00000061)
[    0.000000] ACPI: DSDT 0x000000003FFF0470 002325 (v02 VBOX   VBOXBIOS 00000002 INTL 20120111)
[    0.000000] ACPI: FACS 0x000000003FFF0200 000040
[    0.000000] ACPI: FACS 0x000000003FFF0200 000040
[    0.000000] ACPI: APIC 0x000000003FFF0240 00005C (v02 VBOX   VBOXAPIC 00000001 ASL  00000061)
[    0.000000] ACPI: SSDT 0x000000003FFF02A0 0001CC (v01 VBOX   VBOXCPUT 00000002 INTL 20120111)
[    0.000000] ACPI: Reserving FACP table memory at [mem 0x3fff00f0-0x3fff01e3]
[    0.000000] ACPI: Reserving DSDT table memory at [mem 0x3fff0470-0x3fff2794]
[    0.000000] ACPI: Reserving FACS table memory at [mem 0x3fff0200-0x3fff023f]
[    0.000000] ACPI: Reserving FACS table memory at [mem 0x3fff0200-0x3fff023f]
[    0.000000] ACPI: Reserving APIC table memory at [mem 0x3fff0240-0x3fff029b]
[    0.000000] ACPI: Reserving SSDT table memory at [mem 0x3fff02a0-0x3fff046b]
[    0.000000] No NUMA configuration found
[    0.000000] Faking a node at [mem 0x0000000000000000-0x000000003ffeffff]
[    0.000000] NODE_DATA(0) allocated [mem 0x3ffc5000-0x3ffeffff]
[    0.000000] kvm-clock: cpu 0, msr 0:3ff44001, primary cpu clock
[    0.000000] kvm-clock: Using msrs 4b564d01 and 4b564d00
[    0.000000] kvm-clock: using sched offset of 4454274451 cycles
[    0.000000] clocksource: kvm-clock: mask: 0xffffffffffffffff max_cycles: 0x1cd42e4dffb, max_idle_ns: 881590591483 ns
[    0.000000] Zone ranges:
[    0.000000]   DMA      [mem 0x0000000000001000-0x0000000000ffffff]
[    0.000000]   DMA32    [mem 0x0000000001000000-0x000000003ffeffff]
[    0.000000]   Normal   empty
[    0.000000]   Device   empty
[    0.000000] Movable zone start for each node
[    0.000000] Early memory node ranges
[    0.000000]   node   0: [mem 0x0000000000001000-0x000000000009efff]
[    0.000000]   node   0: [mem 0x0000000000100000-0x000000003ffeffff]
[    0.000000] Reserved but unavailable: 104 pages
[    0.000000] Initmem setup node 0 [mem 0x0000000000001000-0x000000003ffeffff]
[    0.000000] ACPI: PM-Timer IO Port: 0x4008
[    0.000000] IOAPIC[0]: apic_id 2, version 32, address 0xfec00000, GSI 0-23
[    0.000000] ACPI: INT_SRC_OVR (bus 0 bus_irq 0 global_irq 2 dfl dfl)
[    0.000000] ACPI: INT_SRC_OVR (bus 0 bus_irq 9 global_irq 9 low level)
[    0.000000] Using ACPI (MADT) for SMP configuration information
[    0.000000] smpboot: Allowing 2 CPUs, 0 hotplug CPUs
[    0.000000] PM: Registered nosave memory: [mem 0x00000000-0x00000fff]
[    0.000000] PM: Registered nosave memory: [mem 0x0009f000-0x0009ffff]
[    0.000000] PM: Registered nosave memory: [mem 0x000a0000-0x000effff]
[    0.000000] PM: Registered nosave memory: [mem 0x000f0000-0x000fffff]
[    0.000000] e820: [mem 0x40000000-0xfebfffff] available for PCI devices
[    0.000000] Booting paravirtualized kernel on KVM
[    0.000000] clocksource: refined-jiffies: mask: 0xffffffff max_cycles: 0xffffffff, max_idle_ns: 7645519600211568 ns
[    0.000000] random: get_random_bytes called from start_kernel+0x99/0x500 with crng_init=0
[    0.000000] setup_percpu: NR_CPUS:8192 nr_cpumask_bits:2 nr_cpu_ids:2 nr_node_ids:1
[    0.000000] percpu: Embedded 45 pages/cpu s147456 r8192 d28672 u1048576
[    0.000000] PV qspinlock hash table entries: 256 (order: 0, 4096 bytes)
[    0.000000] Built 1 zonelists, mobility grouping on.  Total pages: 257913
[    0.000000] Policy zone: DMA32
[    0.000000] Kernel command line: BOOT_IMAGE=/boot/vmlinuz-4.15.0-161-generic root=LABEL=cloudimg-rootfs ro console=tty1 console=ttyS0
[    0.000000] Memory: 982716K/1048120K available (12300K kernel code, 2483K rwdata, 4320K rodata, 2448K init, 2724K bss, 65404K reserved, 0K cma-reserved)
[    0.000000] SLUB: HWalign=64, Order=0-3, MinObjects=0, CPUs=2, Nodes=1
[    0.000000] Kernel/User page tables isolation: enabled
[    0.000000] ftrace: allocating 39475 entries in 155 pages
[    0.004000] Hierarchical RCU implementation.
[    0.004000] 	RCU restricting CPUs from NR_CPUS=8192 to nr_cpu_ids=2.
[    0.004000] 	Tasks RCU enabled.
[    0.004000] RCU: Adjusting geometry for rcu_fanout_leaf=16, nr_cpu_ids=2
[    0.004000] NR_IRQS: 524544, nr_irqs: 440, preallocated irqs: 16
[    0.004000] Console: colour VGA+ 80x25
[    0.004000] console [tty1] enabled
[    0.004000] console [ttyS0] enabled
[    0.004000] ACPI: Core revision 20170831
[    0.004000] ACPI: 2 ACPI AML tables successfully acquired and loaded
[    0.004000] APIC: Switch to symmetric I/O mode setup
[    0.004000] x2apic enabled
[    0.004000] Switched APIC routing to physical x2apic.
[    0.004000] ..TIMER: vector=0x30 apic1=0 pin1=2 apic2=-1 pin2=-1
[    0.004005] tsc: Detected 3096.000 MHz processor
[    0.004991] Calibrating delay loop (skipped) preset value.. 6192.00 BogoMIPS (lpj=12384000)
[    0.008003] pid_max: default: 32768 minimum: 301
[    0.009194] Security Framework initialized
[    0.010079] Yama: becoming mindful.
[    0.011163] AppArmor: AppArmor initialized
[    0.013194] Dentry cache hash table entries: 131072 (order: 8, 1048576 bytes)
[    0.016053] Inode-cache hash table entries: 65536 (order: 7, 524288 bytes)
[    0.017489] Mount-cache hash table entries: 2048 (order: 2, 16384 bytes)
[    0.019211] Mountpoint-cache hash table entries: 2048 (order: 2, 16384 bytes)
[    0.020257] Last level iTLB entries: 4KB 64, 2MB 8, 4MB 8
[    0.021406] Last level dTLB entries: 4KB 64, 2MB 0, 4MB 0, 1GB 4
[    0.022676] Spectre V1 : Mitigation: usercopy/swapgs barriers and __user pointer sanitization
[    0.024002] Spectre V2 : Mitigation: Full generic retpoline
[    0.025176] Spectre V2 : Spectre v2 / SpectreRSB mitigation: Filling RSB on context switch
[    0.028002] Speculative Store Bypass: Vulnerable
[    0.029037] SRBDS: Unknown: Dependent on hypervisor status
[    0.030191] MDS: Mitigation: Clear CPU buffers
[    0.031304] Freeing SMP alternatives memory: 36K
[    0.142718] smpboot: CPU0: Intel(R) Core(TM) i5-6287U CPU @ 3.10GHz (family: 0x6, model: 0x4e, stepping: 0x3)
[    0.144000] Performance Events: unsupported p6 CPU model 78 no PMU driver, software events only.
[    0.144037] Hierarchical SRCU implementation.
[    0.145636] NMI watchdog: Perf event create on CPU 0 failed with -2
[    0.146965] NMI watchdog: Perf NMI watchdog permanently disabled
[    0.148051] smp: Bringing up secondary CPUs ...
[    0.149102] x86: Booting SMP configuration:
[    0.150300] .... node  #0, CPUs:      #1
[    0.004000] kvm-clock: cpu 1, msr 0:3ff44041, secondary cpu clock
[    0.155740] smp: Brought up 1 node, 2 CPUs
[    0.156008] smpboot: Max logical packages: 1
[    0.157250] smpboot: Total of 2 processors activated (12384.00 BogoMIPS)
[    0.160134] devtmpfs: initialized
[    0.161164] x86/mm: Memory block size: 128MB
[    0.162294] evm: security.selinux
[    0.163044] evm: security.SMACK64
[    0.164003] evm: security.SMACK64EXEC
[    0.164809] evm: security.SMACK64TRANSMUTE
[    0.165953] evm: security.SMACK64MMAP
[    0.166799] evm: security.apparmor
[    0.167553] evm: security.ima
[    0.168003] evm: security.capability
[    0.168844] clocksource: jiffies: mask: 0xffffffff max_cycles: 0xffffffff, max_idle_ns: 7645041785100000 ns
[    0.170400] futex hash table entries: 512 (order: 3, 32768 bytes)
[    0.172053] pinctrl core: initialized pinctrl subsystem
[    0.174478] RTC time:  3:26:19, date: 11/05/21
[    0.176140] NET: Registered protocol family 16
[    0.177167] audit: initializing netlink subsys (disabled)
[    0.178338] audit: type=2000 audit(1636082785.584:1): state=initialized audit_enabled=0 res=1
[    0.180011] cpuidle: using governor ladder
[    0.181497] cpuidle: using governor menu
[    0.184049] ACPI: bus type PCI registered
[    0.185239] acpiphp: ACPI Hot Plug PCI Controller Driver version: 0.5
[    0.186731] PCI: Using configuration type 1 for base access
[    0.188863] HugeTLB registered 2.00 MiB page size, pre-allocated 0 pages
[    0.189461] ACPI: Added _OSI(Module Device)
[    0.192005] ACPI: Added _OSI(Processor Device)
[    0.192965] ACPI: Added _OSI(3.0 _SCP Extensions)
[    0.193971] ACPI: Added _OSI(Processor Aggregator Device)
[    0.195155] ACPI: Added _OSI(Linux-Dell-Video)
[    0.196003] ACPI: Added _OSI(Linux-Lenovo-NV-HDMI-Audio)
[    0.197154] ACPI: Added _OSI(Linux-HPI-Hybrid-Graphics)
[    0.198656] ACPI: Executed 1 blocks of module-level executable AML code
[    0.204073] ACPI: Interpreter enabled
[    0.205124] ACPI: (supports S0 S5)
[    0.206135] ACPI: Using IOAPIC for interrupt routing
[    0.207677] PCI: Using host bridge windows from ACPI; if necessary, use "pci=nocrs" and report a bug
[    0.208209] ACPI: Enabled 2 GPEs in block 00 to 07
[    0.217527] ACPI: PCI Root Bridge [PCI0] (domain 0000 [bus 00-ff])
[    0.219289] acpi PNP0A03:00: _OSC: OS supports [ASPM ClockPM Segments MSI]
[    0.220416] acpi PNP0A03:00: _OSC: not requesting OS control; OS requires [ExtendedConfig ASPM ClockPM MSI]
[    0.222611] acpi PNP0A03:00: fail to add MMCONFIG information, can't access extended PCI configuration space under this bridge.
[    0.224516] PCI host bridge to bus 0000:00
[    0.225414] pci_bus 0000:00: root bus resource [io  0x0000-0x0cf7 window]
[    0.228003] pci_bus 0000:00: root bus resource [io  0x0d00-0xffff window]
[    0.229574] pci_bus 0000:00: root bus resource [mem 0x000a0000-0x000bffff window]
[    0.232006] pci_bus 0000:00: root bus resource [mem 0x40000000-0xfdffffff window]
[    0.233596] pci_bus 0000:00: root bus resource [bus 00-ff]
[    0.238800] pci 0000:00:01.1: legacy IDE quirk: reg 0x10: [io  0x01f0-0x01f7]
[    0.240004] pci 0000:00:01.1: legacy IDE quirk: reg 0x14: [io  0x03f6]
[    0.241377] pci 0000:00:01.1: legacy IDE quirk: reg 0x18: [io  0x0170-0x0177]
[    0.244002] pci 0000:00:01.1: legacy IDE quirk: reg 0x1c: [io  0x0376]
[    0.262691] pci 0000:00:07.0: quirk: [io  0x4000-0x403f] claimed by PIIX4 ACPI
[    0.264022] pci 0000:00:07.0: quirk: [io  0x4100-0x410f] claimed by PIIX4 SMB
[    0.277500] ACPI: PCI Interrupt Link [LNKA] (IRQs 5 9 10 *11)
[    0.279286] ACPI: PCI Interrupt Link [LNKB] (IRQs 5 9 *10 11)
[    0.280126] ACPI: PCI Interrupt Link [LNKC] (IRQs 5 *9 10 11)
[    0.281856] ACPI: PCI Interrupt Link [LNKD] (IRQs 5 9 10 *11)
[    0.284370] SCSI subsystem initialized
[    0.285247] pci 0000:00:02.0: vgaarb: setting as boot VGA device
[    0.285584] pci 0000:00:02.0: vgaarb: VGA device added: decodes=io+mem,owns=io+mem,locks=none
[    0.288005] pci 0000:00:02.0: vgaarb: bridge control possible
[    0.289206] vgaarb: loaded
[    0.289839] ACPI: bus type USB registered
[    0.292026] usbcore: registered new interface driver usbfs
[    0.293706] usbcore: registered new interface driver hub
[    0.294837] usbcore: registered new device driver usb
[    0.295988] EDAC MC: Ver: 3.0.0
[    0.296330] PCI: Using ACPI for IRQ routing
[    0.297363] NetLabel: Initializing
[    0.298285] NetLabel:  domain hash size = 128
[    0.300004] NetLabel:  protocols = UNLABELED CIPSOv4 CALIPSO
[    0.301331] NetLabel:  unlabeled traffic allowed by default
[    0.304005] clocksource: Switched to clocksource kvm-clock
[    0.318721] VFS: Disk quotas dquot_6.6.0
[    0.319913] VFS: Dquot-cache hash table entries: 512 (order 0, 4096 bytes)
[    0.322182] AppArmor: AppArmor Filesystem Enabled
[    0.323385] pnp: PnP ACPI init
[    0.325728] pnp: PnP ACPI: found 3 devices
[    0.334511] clocksource: acpi_pm: mask: 0xffffff max_cycles: 0xffffff, max_idle_ns: 2085701024 ns
[    0.337140] NET: Registered protocol family 2
[    0.338128] IP idents hash table entries: 16384 (order: 5, 131072 bytes)
[    0.341062] TCP established hash table entries: 8192 (order: 4, 65536 bytes)
[    0.342649] TCP bind hash table entries: 8192 (order: 5, 131072 bytes)
[    0.344036] TCP: Hash tables configured (established 8192 bind 8192)
[    0.345425] UDP hash table entries: 512 (order: 2, 16384 bytes)
[    0.346671] UDP-Lite hash table entries: 512 (order: 2, 16384 bytes)
[    0.348026] NET: Registered protocol family 1
[    0.349011] pci 0000:00:00.0: Limiting direct PCI/PCI transfers
[    0.350538] pci 0000:00:01.0: Activating ISA DMA hang workarounds
[    0.351899] pci 0000:00:02.0: Video device with shadowed ROM at [mem 0x000c0000-0x000dffff]
[    0.353826] Unpacking initramfs...
[    0.644237] Freeing initrd memory: 19520K
[    0.645785] clocksource: tsc: mask: 0xffffffffffffffff max_cycles: 0x2ca08564bf3, max_idle_ns: 440795312460 ns
[    0.647987] platform rtc_cmos: registered platform RTC device (no PNP device found)
[    0.649739] Scanning for low memory corruption every 60 seconds
[    0.651933] Initialise system trusted keyrings
[    0.652984] Key type blacklist registered
[    0.653911] workingset: timestamp_bits=36 max_order=18 bucket_order=0
[    0.656068] zbud: loaded
[    0.657150] squashfs: version 4.0 (2009/01/31) Phillip Lougher
[    0.658514] fuse init (API version 7.26)
[    0.660951] Key type asymmetric registered
[    0.661919] Asymmetric key parser 'x509' registered
[    0.663006] Block layer SCSI generic (bsg) driver version 0.4 loaded (major 246)
[    0.664675] io scheduler noop registered
[    0.665533] io scheduler deadline registered
[    0.666717] io scheduler cfq registered (default)
[    0.668309] ACPI: AC Adapter [AC] (on-line)
[    0.669275] input: Power Button as /devices/LNXSYSTM:00/LNXPWRBN:00/input/input0
[    0.670893] ACPI: Power Button [PWRF]
[    0.671797] input: Sleep Button as /devices/LNXSYSTM:00/LNXSLPBN:00/input/input1
[    0.673502] ACPI: Sleep Button [SLPF]
[    0.675697] ACPI: Battery Slot [BAT0] (battery present)
[    0.676250] Serial: 8250/16550 driver, 32 ports, IRQ sharing enabled
[    0.699574] 00:02: ttyS0 at I/O 0x3f8 (irq = 4, base_baud = 115200) is a 16550A
[    0.703297] Linux agpgart interface v0.103
[    0.705730] loop: module loaded
[    0.707406] scsi host0: ata_piix
[    0.708669] scsi host1: ata_piix
[    0.709692] ata1: PATA max UDMA/33 cmd 0x1f0 ctl 0x3f6 bmdma 0xd000 irq 14
[    0.711132] ata2: PATA max UDMA/33 cmd 0x170 ctl 0x376 bmdma 0xd008 irq 15
[    0.712748] libphy: Fixed MDIO Bus: probed
[    0.713721] tun: Universal TUN/TAP device driver, 1.6
[    0.714855] PPP generic driver version 2.4.2
[    0.716766] ehci_hcd: USB 2.0 'Enhanced' Host Controller (EHCI) Driver
[    0.718574] ehci-pci: EHCI PCI platform driver
[    0.719569] ehci-platform: EHCI generic platform driver
[    0.720757] ohci_hcd: USB 1.1 'Open' Host Controller (OHCI) Driver
[    0.722257] ohci-pci: OHCI PCI platform driver
[    0.723223] ohci-platform: OHCI generic platform driver
[    0.724362] uhci_hcd: USB Universal Host Controller Interface driver
[    0.725803] i8042: PNP: PS/2 Controller [PNP0303:PS2K,PNP0f03:PS2M] at 0x60,0x64 irq 1,12
[    0.727988] serio: i8042 KBD port at 0x60,0x64 irq 1
[    0.729118] serio: i8042 AUX port at 0x60,0x64 irq 12
[    0.730256] mousedev: PS/2 mouse device common for all mice
[    0.731732] input: AT Translated Set 2 keyboard as /devices/platform/i8042/serio0/input/input2
[    0.734834] rtc_cmos rtc_cmos: rtc core: registered rtc_cmos as rtc0
[    0.736534] rtc_cmos rtc_cmos: alarms up to one day, 114 bytes nvram
[    0.738118] i2c /dev entries driver
[    0.738945] device-mapper: uevent: version 1.0.3
[    0.740076] device-mapper: ioctl: 4.37.0-ioctl (2017-09-20) initialised: dm-devel@redhat.com
[    0.742124] ledtrig-cpu: registered to indicate activity on CPUs
[    0.744230] NET: Registered protocol family 10
[    0.748477] Segment Routing with IPv6
[    0.749750] NET: Registered protocol family 17
[    0.750988] Key type dns_resolver registered
[    0.752476] mce: Using 0 MCE banks
[    0.753261] RAS: Correctable Errors collector initialized.
[    0.754478] sched_clock: Marking stable (752450481, 0)->(1074536019, -322085538)
[    0.756440] registered taskstats version 1
[    0.757354] Loading compiled-in X.509 certificates
[    0.760480] Loaded X.509 cert 'Build time autogenerated kernel key: 1542c441293f32312405dc023a70312e7f0d3f0a'
[    0.763556] Loaded X.509 cert 'Canonical Ltd. Live Patch Signing: 14df34d1a87cf37625abec039ef2bf521249b969'
[    0.766309] Loaded X.509 cert 'Canonical Ltd. Kernel Module Signing: 88f752e560a1e0737e31163a466ad7b70a850c19'
[    0.768937] zswap: loaded using pool lzo/zbud
[    0.773300] Key type big_key registered
[    0.774450] Key type trusted registered
[    0.776836] Key type encrypted registered
[    0.778140] AppArmor: AppArmor sha1 policy hashing enabled
[    0.779306] ima: No TPM chip found, activating TPM-bypass! (rc=-19)
[    0.781695] ima: Allocated hash algorithm: sha1
[    0.783176] evm: HMAC attrs: 0x1
[    0.784725]   Magic number: 13:96:411
[    0.786054] rtc_cmos rtc_cmos: setting system clock to 2021-11-05 03:26:20 UTC (1636082780)
[    0.787947] BIOS EDD facility v0.16 2004-Jun-25, 0 devices found
[    0.789923] EDD information not available.
[    1.178031] Freeing unused kernel image memory: 2448K
[    1.513752] Write protecting the kernel read-only data: 20480k
[    1.517777] Freeing unused kernel image memory: 2008K
[    1.520131] Freeing unused kernel image memory: 1824K
[    1.530840] x86/mm: Checked W+X mappings: passed, no W+X pages found.
[    1.533382] x86/mm: Checking user space page tables
[    1.542879] x86/mm: Checked W+X mappings: passed, no W+X pages found.
Loading, please wait...
starting version 237
[    1.614411] e1000: Intel(R) PRO/1000 Network Driver - version 7.3.21-k8-NAPI
[    1.617259] e1000: Copyright (c) 1999-2006 Intel Corporation.
[    1.622840] Fusion MPT base driver 3.04.20
[    1.623824] Copyright (c) 1999-2008 LSI Corporation
[    1.643026] AVX2 version of gcm_enc/dec engaged.
[    1.644209] AES CTR mode by8 optimization enabled
[    1.646395] Fusion MPT SPI Host driver 3.04.20
[    1.833689] input: ImExPS/2 Generic Explorer Mouse as /devices/platform/i8042/serio1/input/input4
[    2.039207] e1000 0000:00:03.0 eth0: (PCI:33MHz:32-bit) 02:98:b5:2c:07:4e
[    2.041760] e1000 0000:00:03.0 eth0: Intel(R) PRO/1000 Network Connection
[    2.045723] mptbase: ioc0: Initiating bringup
[    2.140249] ioc0: LSI53C1030 A0: Capabilities={Initiator}
[    2.383967] scsi host2: ioc0: LSI53C1030 A0, FwRev=00000000h, Ports=1, MaxQ=256, IRQ=20
[    2.553599] scsi 2:0:0:0: Direct-Access     VBOX     HARDDISK         1.0  PQ: 0 ANSI: 5
[    2.612091] scsi target2:0:0: Beginning Domain Validation
[    2.615480] scsi target2:0:0: Domain Validation skipping write tests
[    2.618274] scsi target2:0:0: Ending Domain Validation
[    2.619879] scsi target2:0:0: asynchronous
[    2.621686] scsi 2:0:1:0: Direct-Access     VBOX     HARDDISK         1.0  PQ: 0 ANSI: 5
[    2.952205] scsi target2:0:1: Beginning Domain Validation
[    2.955221] random: fast init done
[    2.956338] scsi target2:0:1: Domain Validation skipping write tests
[    2.958062] scsi target2:0:1: Ending Domain Validation
[    2.959500] scsi target2:0:1: asynchronous
[    2.964715] random: systemd-udevd: uninitialized urandom read (16 bytes read)
[    2.966891] random: systemd-udevd: uninitialized urandom read (16 bytes read)
[    2.968751] random: systemd-udevd: uninitialized urandom read (16 bytes read)
[    2.971059] sd 2:0:0:0: Attached scsi generic sg0 type 0
[    2.972724] sd 2:0:0:0: [sda] 83886080 512-byte logical blocks: (42.9 GB/40.0 GiB)
[    2.977541] sd 2:0:0:0: [sda] Write Protect is off
[    2.979086] sd 2:0:1:0: Attached scsi generic sg1 type 0
[    2.980958] sd 2:0:0:0: [sda] Incomplete mode parameter data
[    2.982632] sd 2:0:0:0: [sda] Assuming drive cache: write through
[    2.984964] e1000 0000:00:08.0 eth1: (PCI:33MHz:32-bit) 08:00:27:31:8d:fe
[    2.988053] e1000 0000:00:08.0 eth1: Intel(R) PRO/1000 Network Connection
[    2.988827]  sda: sda1
[    2.990844] sd 2:0:1:0: [sdb] 20480 512-byte logical blocks: (10.5 MB/10.0 MiB)
[    2.991457] sd 2:0:0:0: [sda] Attached SCSI disk
[    2.994441] sd 2:0:1:0: [sdb] Write Protect is off
[    2.995335] e1000 0000:00:08.0 enp0s8: renamed from eth1
[    2.997616] sd 2:0:1:0: [sdb] Incomplete mode parameter data
[    2.999242] sd 2:0:1:0: [sdb] Assuming drive cache: write through
[    3.003125] sd 2:0:1:0: [sdb] Attached SCSI disk
[    3.016564] e1000 0000:00:03.0 enp0s3: renamed from eth0
Begin: Loading essential drivers ... [    4.562598] raid6: sse2x1   gen() 12066 MB/s
[    4.611122] raid6: sse2x1   xor()  8829 MB/s
[    4.661148] raid6: sse2x2   gen() 14433 MB/s
[    4.708062] raid6: sse2x2   xor()  9447 MB/s
[    4.756101] raid6: sse2x4   gen() 15809 MB/s
[    4.804124] raid6: sse2x4   xor()  9809 MB/s
[    4.852079] raid6: avx2x1   gen() 22605 MB/s
[    4.900032] raid6: avx2x1   xor() 15916 MB/s
[    4.948072] raid6: avx2x2   gen() 25668 MB/s
[    5.001464] raid6: avx2x2   xor() 19731 MB/s
[    5.048123] raid6: avx2x4   gen() 31721 MB/s
[    5.099171] raid6: avx2x4   xor() 19383 MB/s
[    5.100801] raid6: using algorithm avx2x4 gen() 31721 MB/s
[    5.102006] raid6: .... xor() 19383 MB/s, rmw enabled
[    5.103073] raid6: using avx2x2 recovery algorithm
[    5.105472] xor: automatically using best checksumming function   avx       
[    5.108188] async_tx: api initialized (async)
done.
Begin: Running /scripts/init-premount ... done.
Begin: Mounting root file system ... Begin: Running /scripts/local-top ... done.
Begin: Running /scripts/local-premount ... [    5.152841] Btrfs loaded, crc32c=crc32c-intel
Scanning for Btrfs filesystems
done.
Warning: fsck not present, so skipping root file system
[    5.203103] EXT4-fs (sda1): mounted filesystem with ordered data mode. Opts: (null)
done.
Begin: Running /scripts/local-bottom ... done.
Begin: Running /scripts/init-bottom ... done.
[    5.706342] ip_tables: (C) 2000-2006 Netfilter Core Team
[    5.726661] systemd[1]: systemd 237 running in system mode. (+PAM +AUDIT +SELINUX +IMA +APPARMOR +SMACK +SYSVINIT +UTMP +LIBCRYPTSETUP +GCRYPT +GNUTLS +ACL +XZ +LZ4 +SECCOMP +BLKID +ELFUTILS +KMOD -IDN2 +IDN -PCRE2 default-hierarchy=hybrid)
[    5.732264] systemd[1]: Detected virtualization oracle.
[    5.733640] systemd[1]: Detected architecture x86-64.

Welcome to [1mUbuntu 18.04.6 LTS[0m!

[    5.754111] systemd[1]: Set hostname to <ubuntu>.
[    5.760565] systemd[1]: Initializing machine ID from random generator.
[    5.762029] systemd[1]: Installed transient /etc/machine-id file.
[    6.323574] systemd[1]: Created slice User and Session Slice.
[[0;32m  OK  [0m] Created slice User and Session Slice.
[    6.326165] systemd[1]: Set up automount Arbitrary Executable File Formats File System Automount Point.
[[0;32m  OK  [0m] Set up automount Arbitrary Executab…rmats File System Automount Point.
[    6.329689] systemd[1]: Reached target Swap.
[[0;32m  OK  [0m] Reached target Swap.
[    6.331420] systemd[1]: Reached target User and Group Name Lookups.
[[0;32m  OK  [0m] Reached target User and Group Name Lookups.
[[0;32m  OK  [0m] Created slice System Slice.
[[0;32m  OK  [0m] Listening on LVM2 metadata daemon socket.
[[0;32m  OK  [0m] Listening on Device-mapper event daemon FIFOs.
[[0;32m  OK  [0m] Reached target Slices.
[[0;32m  OK  [0m] Listening on Network Service Netlink Socket.
[[0;32m  OK  [0m] Listening on Journal Socket (/dev/log).
[[0;32m  OK  [0m] Listening on Journal Socket.
         Starting Monitoring of LVM2 mirrors…ng dmeventd or progress polling...
         Starting Uncomplicated firewall...
         Starting Load Kernel Modules...
         Starting Create list of required st…ce nodes for the current kernel...
         Mounting POSIX Message Queue File System...
         Mounting Kernel Debug File System...
[[0;32m  OK  [0m] Listening on udev Control Socket.
         Starting Set the console keyboard layout...
[[0;32m  OK  [0m] Listening on Journal Audit Socket.
[[0;32m  OK  [0m] Listening on LVM2 poll daemon socket.
         Mounting Huge Pages File System...
[[0;32m  OK  [0m] Created slice system-serial\x2dgetty.slice.
[[0;32m  OK  [0m] Listening on Syslog Socket.
         Starting Journal Service...
[[0;32m  OK  [0m] Listening on udev Kernel Socket.
         Starting udev Coldplug all Devices...
[[0;32m  OK  [0m] Started Forward Password Requests to Wall Directory Watch.
[[0;32m  OK  [0m] Reached target System Time Synchronized.
[[0;32m  OK  [0m] Listening on /dev/initctl Compatibility Named Pipe.
[    6.533865] Loading iSCSI transport class v2.0-870.
[[0;32m  OK  [0m] Listening on fsck to fsckd communication Socket.
         Starting File System Check on Root Device...
[[0;32m  OK  [0m] Started Uncomplicated firewall.
[    6.547410] iscsi: registered transport (tcp)
[[0;32m  OK  [0m] Started Create list of required sta…vice nodes for the current kernel.
         Starting Create Static Device Nodes in /dev...
[[0;32m  OK  [0m] Started Journal Service.
[[0;32m  OK  [0m] Started LVM2 metadata daemon.
[[0;32m  OK  [0m] Started File System Check Daemon to report status.
[[0;32m  OK  [0m] Mounted POSIX Message Queue File System.
[[0;32m  OK  [0m] Mounted Kernel Debug File System.
[[0;32m  OK  [0m] Mounted Huge Pages File System.
[[0;32m  OK  [0m] Started udev Coldplug all Devices.
[    6.791342] iscsi: registered transport (iser)
[[0;32m  OK  [0m] Started Load Kernel Modules.
         Mounting Kernel Configuration File System...
         Mounting FUSE Control File System...
         Starting Apply Kernel Variables...
[[0;32m  OK  [0m] Mounted Kernel Configuration File System.
[[0;32m  OK  [0m] Mounted FUSE Control File System.
[[0;32m  OK  [0m] Started File System Check on Root Device.
         Starting Remount Root and Kernel File Systems...
[[0;32m  OK  [0m] Started Create Static Device Nodes in /dev.
[    6.893072] random: crng init done
[    6.893939] random: 7 urandom warning(s) missed due to ratelimiting
[[0;32m  OK  [0m] Started Monitoring of LVM2 mirrors,…sing dmeventd or progress polling.
[[0;32m  OK  [0m] Started Remount Root and Kernel File Systems.
         Starting Flush Journal to Persistent Storage...
         Starting Load/Save Random Seed...
         Starting udev Kernel Device Manager...
[[0;32m  OK  [0m] Started Load/Save Random Seed.
[[0;32m  OK  [0m] Started Apply Kernel Variables.
[[0;32m  OK  [0m] Started Flush Journal to Persistent Storage.
[[0;32m  OK  [0m] Started udev Kernel Device Manager.
[[0;32m  OK  [0m] Found device /dev/ttyS0.
[[0;32m  OK  [0m] Listening on Load/Save RF Kill Switch Status /dev/rfkill Watch.
[[0;32m  OK  [0m] Started Set the console keyboard layout.
[[0;32m  OK  [0m] Started Dispatch Password Requests to Console Directory Watch.
[[0;32m  OK  [0m] Reached target Local Encrypted Volumes.
[[0;32m  OK  [0m] Reached target Local File Systems (Pre).
[[0;32m  OK  [0m] Reached target Local File Systems.
         Starting Commit a transient machine-id on disk...
         Starting AppArmor initialization...
         Starting Create Volatile Files and Directories...
         Starting Tell Plymouth To Write Out Runtime Data...
         Starting ebtables ruleset management...
         Starting Set console font and keymap...
[[0;32m  OK  [0m] Started Commit a transient machine-id on disk.
[[0;32m  OK  [0m] Started Tell Plymouth To Write Out Runtime Data.
[[0;32m  OK  [0m] Started Set console font and keymap.
[[0;32m  OK  [0m] Started Create Volatile Files and Directories.
         Starting Update UTMP about System Boot/Shutdown...
[[0;32m  OK  [0m] Started Update UTMP about System Boot/Shutdown.
[[0;32m  OK  [0m] Started ebtables ruleset management.
[[0;32m  OK  [0m] Started AppArmor initialization.
         Starting Load AppArmor profiles managed internally by snapd...
         Starting Initial cloud-init job (pre-networking)...
[[0;32m  OK  [0m] Started Load AppArmor profiles managed internally by snapd.
[   10.866474] cloud-init[638]: Cloud-init v. 21.3-1-g6803368d-0ubuntu1~18.04.4 running 'init-local' at Fri, 05 Nov 2021 03:26:30 +0000. Up 10.45 seconds.
[[0;32m  OK  [0m] Started Initial cloud-init job (pre-networking).
[[0;32m  OK  [0m] Reached target Network (Pre).
         Starting Network Service...
[[0;32m  OK  [0m] Started Network Service.
         Starting Network Name Resolution...
         Starting Wait for Network to be Configured...
[[0;32m  OK  [0m] Started Network Name Resolution.
[[0;32m  OK  [0m] Reached target Network.
[[0;32m  OK  [0m] Reached target Host and Network Name Lookups.
[[0;32m  OK  [0m] Started Wait for Network to be Configured.
         Starting Initial cloud-init job (metadata service crawler)...
[   12.941850] cloud-init[770]: Cloud-init v. 21.3-1-g6803368d-0ubuntu1~18.04.4 running 'init' at Fri, 05 Nov 2021 03:26:32 +0000. Up 12.80 seconds.
[   12.944118] cloud-init[770]: ci-info: ++++++++++++++++++++++++++++++++++++++Net device info++++++++++++++++++++++++++++++++++++++
[   12.946298] cloud-init[770]: ci-info: +--------+-------+---------------------------+---------------+--------+-------------------+
[   12.948606] cloud-init[770]: ci-info: | Device |   Up  |          Address          |      Mask     | Scope  |     Hw-Address    |
[   12.951199] cloud-init[770]: ci-info: +--------+-------+---------------------------+---------------+--------+-------------------+
[   12.953241] cloud-init[770]: ci-info: | enp0s3 |  True |         10.0.2.15         | 255.255.255.0 | global | 02:98:b5:2c:07:4e |
[   12.955265] cloud-init[770]: ci-info: | enp0s3 |  True | fe80::98:b5ff:fe2c:74e/64 |       .       |  link  | 02:98:b5:2c:07:4e |
[   12.957456] cloud-init[770]: ci-info: | enp0s8 | False |             .             |       .       |   .    | 08:00:27:31:8d:fe |
[   12.968241] cloud-init[770]: ci-info: |   lo   |  True |         127.0.0.1         |   255.0.0.0   |  host  |         .         |
[   12.972643] cloud-init[770]: ci-info: |   lo   |  True |          ::1/128          |       .       |  host  |         .         |
[   12.975510] cloud-init[770]: ci-info: +--------+-------+---------------------------+---------------+--------+-------------------+
[   12.977729] cloud-init[770]: ci-info: ++++++++++++++++++++++++++++Route IPv4 info+++++++++++++++++++++++++++++
[   12.988755] cloud-init[770]: ci-info: +-------+-------------+----------+-----------------+-----------+-------+
[   12.990852] cloud-init[770]: ci-info: | Route | Destination | Gateway  |     Genmask     | Interface | Flags |
[   12.992483] cloud-init[770]: ci-info: +-------+-------------+----------+-----------------+-----------+-------+
[   12.993787] cloud-init[770]: ci-info: |   0   |   0.0.0.0   | 10.0.2.2 |     0.0.0.0     |   enp0s3  |   UG  |
[   12.995433] cloud-init[770]: ci-info: |   1   |   10.0.2.0  | 0.0.0.0  |  255.255.255.0  |   enp0s3  |   U   |
[   12.997907] cloud-init[770]: ci-info: |   2   |   10.0.2.2  | 0.0.0.0  | 255.255.255.255 |   enp0s3  |   UH  |
[   13.000322] cloud-init[770]: ci-info: +-------+-------------+----------+-----------------+-----------+-------+
[   13.002012] cloud-init[770]: ci-info: +++++++++++++++++++Route IPv6 info+++++++++++++++++++
[   13.003499] cloud-init[770]: ci-info: +-------+-------------+---------+-----------+-------+
[   13.004641] cloud-init[770]: ci-info: | Route | Destination | Gateway | Interface | Flags |
[   13.006048] cloud-init[770]: ci-info: +-------+-------------+---------+-----------+-------+
[   13.006886] cloud-init[770]: ci-info: |   1   |  fe80::/64  |    ::   |   enp0s3  |   U   |
[   13.007953] cloud-init[770]: ci-info: |   3   |    local    |    ::   |   enp0s3  |   U   |
[   13.008977] cloud-init[770]: ci-info: |   4   |   ff00::/8  |    ::   |   enp0s3  |   U   |
[   13.010016] cloud-init[770]: ci-info: +-------+-------------+---------+-----------+-------+
[   14.128748] cloud-init[770]: Generating public/private rsa key pair.
[   14.141043] cloud-init[770]: Your identification has been saved in /etc/ssh/ssh_host_rsa_key.
[   14.142538] cloud-init[770]: Your public key has been saved in /etc/ssh/ssh_host_rsa_key.pub.
[   14.144486] cloud-init[770]: The key fingerprint is:
[   14.145704] cloud-init[770]: SHA256:OiMvBB/ETSSC0Sd1o2b1o4IDX+hOOf3k9J8/QG8VvBw root@ubuntu-bionic
[   14.147272] cloud-init[770]: The key's randomart image is:
[   14.148537] cloud-init[770]: +---[RSA 2048]----+
[   14.149507] cloud-init[770]: |.+.oo+*      .   |
[   14.150493] cloud-init[770]: |. oo+=.o      E  |
[   14.151777] cloud-init[770]: |. .+=   o    . + |
[   14.152738] cloud-init[770]: | +.B.  . ..   +  |
[   14.153762] cloud-init[770]: |  Ooo.+ S. . .   |
[   14.154805] cloud-init[770]: | o oo* o  . o    |
[   14.155808] cloud-init[770]: |  ... * .  o     |
[   14.156846] cloud-init[770]: |    .o o . ..    |
[   14.157579] cloud-init[770]: |     ..   o...   |
[   14.158194] cloud-init[770]: +----[SHA256]-----+
[   14.159084] cloud-init[770]: Generating public/private dsa key pair.
[   14.160551] cloud-init[770]: Your identification has been saved in /etc/ssh/ssh_host_dsa_key.
[   14.162718] cloud-init[770]: Your public key has been saved in /etc/ssh/ssh_host_dsa_key.pub.
[   14.176884] cloud-init[770]: The key fingerprint is:
[   14.177957] cloud-init[770]: SHA256:rFok41YcIaVPo0De8kWpdLiCuF54JP5KXbW0XgwZVfc root@ubuntu-bionic
[   14.179417] cloud-init[770]: The key's randomart image is:
[   14.180630] cloud-init[770]: +---[DSA 1024]----+
[   14.182122] cloud-init[770]: |  . .o+o.... .   |
[   14.183286] cloud-init[770]: | o .o+o.o   . .  |
[   14.184813] cloud-init[770]: |..+.o+==       E |
[   14.185897] cloud-init[770]: |o..=o*o+=        |
[   14.186985] cloud-init[770]: |..+.=.=oSo       |
[   14.200275] cloud-init[770]: |.o.+.=...        |
[   14.201903] cloud-init[770]: |..+.o o.         |
[   14.203119] cloud-init[770]: |.. o o           |
[   14.212354] cloud-init[770]: | .. .            |
[   14.224350] cloud-init[770]: +----[SHA256]-----+
[   14.225584] cloud-init[770]: Generating public/private ecdsa key pair.
[   14.227136] cloud-init[770]: Your identification has been saved in /etc/ssh/ssh_host_ecdsa_key.
[   14.228931] cloud-init[770]: Your public key has been saved in /etc/ssh/ssh_host_ecdsa_key.pub.
[   14.230980] cloud-init[770]: The key fingerprint is:
[[0;32m  OK  [0m[   14.241439] cloud-init[770]: SHA256:OxiUatkGl2cp0EPnac8rlnAgJ4IWWGp2F8swHc2XvLk root@ubuntu-bionic
[   14.242234] cloud-init[770]: The key's randomart image is:
[   14.243519] cloud-init[770]: +---[ECDSA 256]---+
[   14.245098] cloud-init[770]: |.o.oo== o .      |
[   14.246302] cloud-init[770]: |.o. +o=B *       |
[   14.247513] cloud-init[770]: |o+..++O.O o      |
[   14.248996] cloud-init[770]: |+ ...@ * =       |
[   14.249508] cloud-init[770]: |    + = S +      |
] Started Initial cloud-init job (metadata service crawler).
[   14.249715] cloud-init[770]: |   . . = E .     |
[   14.253279] cloud-init[770]: |      . * .      |
[   14.254593] cloud-init[770]: |       . o       |
[   14.255967] cloud-init[770]: |                 |
[[   14.257298] cloud-init[770]: +----[SHA256]-----+
[   14.257395] cloud-init[770]: Generating public/private ed25519 key pair.
[   14.258663] cloud-init[770]: Your identification has been saved in /etc/ssh/ssh_host_ed25519_key.
[   14.259892] cloud-init[770]: Your public key has been saved in /etc/ssh/ssh_host_ed25519_key.pub.
[   14.261148] cloud-init[770]: The key fingerprint is:
[0;32m  OK  [0m] Reached target Cloud-config availability.
[[   14.261455] cloud-init[770]: SHA256:GuwWIKPPTXmxLYRQhgShxDJhadhFI4SWpbG1CbzZP5Y root@ubuntu-bionic
[   14.264658] cloud-init[0;32m  OK  [0m[770]: ] The key's randomart image is:Reached target Network is Online.

[   14.264895] cloud-init[770]: +--[ED25519 256]--+
[   14.268293] cloud-init[770]: |B&OB*            |
[   14.269459] cloud-init[770]: |OBO+oo           |
[   14.270113] cloud-init[770]: |=+*oo o          |
[   14.271015] cloud-init[770]: | + + = +         |
[   14.271816] cloud-init[770]: |.   + O S        |
[   14.272744] cloud-init[770]: | o o E =         |
[   14.273412] cloud-init[770]: |  o o =          |
[   14.274186] cloud-init[770]: |     .           |
[   14.275032] cloud-init[770]: |                 |
         [   14.275755] cloud-init[770]: +----[SHA256]-----+
Starting Availability of block devices...
[[0;32m  OK  [0m] Reached target Remote File Systems (Pre).
[[0;32m  OK  [0m] Reached target Remote File Systems.
[[0;32m  OK  [0m] Reached target System Initialization.
[[0;32m  OK  [0m] Listening on Open-iSCSI iscsid Socket.
[[0;32m  OK  [0m] Listening on ACPID Listen Socket.
[[0;32m  OK  [0m] Started Discard unused blocks once a week.
[[0;32m  OK  [0m] Started Daily apt download activities.
[[0;32m  OK  [0m] Started ACPI Events Check.
[[0;32m  OK  [0m] Started Daily apt upgrade and clean activities.
[[0;32m  OK  [0m] Started Message of the Day.
         Starting LXD - unix socket.
[[0;32m  OK  [0m] Started Trigger to poll for Ubuntu …(Only enabled on GCP LTS non-pro).
[[0;32m  OK  [0m] Reached target Paths.
         Starting Socket activation for snappy daemon.
[[0;32m  OK  [0m] Listening on D-Bus System Message Bus Socket.
[[0;32m  OK  [0m] Listening on UUID daemon activation socket.
[[0;32m  OK  [0m] Listening on cloud-init hotplug hook socket.
[[0;32m  OK  [0m] Started Daily Cleanup of Temporary Directories.
[[0;32m  OK  [0m] Started Ubuntu Advantage Timer for running repeated jobs.
[[0;32m  OK  [0m] Reached target Timers.
[[0;32m  OK  [0m] Started Availability of block devices.
[[0;32m  OK  [0m] Listening on LXD - unix socket.
[[0;32m  OK  [0m] Listening on Socket activation for snappy daemon.
[[0;32m  OK  [0m] Reached target Sockets.
[[0;32m  OK  [0m] Reached target Basic System.
[[0;32m  OK  [0m] Started Deferred execution scheduler.
         Starting LSB: Record successful boot for GRUB...
         Starting Dispatcher daemon for systemd-networkd...
[[0;32m  OK  [0m] Started FUSE filesystem for LXC.
[[0;32m  OK  [0m] Started Regular background program processing daemon.
[[0;32m  OK  [0m] Started D-Bus System Message Bus.
         Starting System Logging Service...
         Starting Accounts Service...
         Starting LSB: automatic crash report generation...
         Starting Login Service...
[[0;32m  OK  [0m] Started irqbalance daemon.
         Starting Snap Daemon...
         Starting Permit User Sessions...
         Starting Virtualbox guest utils...
         Starting Pollinate to seed the pseudo random number generator...
         Starting LXD - container startup/shutdown...
[[0;32m  OK  [0m] Started System Logging Service.
[[0;32m  OK  [0m] Started Permit User Sessions.
[[0;32m  OK  [0m] Started Login Service.
[[0;32m  OK  [0m] Started Unattended Upgrades Shutdown.
         Starting Authorization Manager...
         Starting Terminate Plymouth Boot Screen...
         Starting Hold until boot process finishes up...
[[0;32m  OK  [0m] Started Hold until boot process finishes up.
         Starting Set console scheme...
[[0;32m  OK  [0m] Started Serial Getty on ttyS0.
[[0;32m  OK  [0m] Started Terminate Plymouth Boot Screen.
[[0;32m  OK  [0m] Started LSB: Record successful boot for GRUB.
[[0;32m  OK  [0m] Started Set console scheme.
[[0;32m  OK  [0m] Created slice system-getty.slice.
[[0;32m  OK  [0m] Started Getty on tty1.
[[0;32m  OK  [0m] Reached target Login Prompts.
[[0;32m  OK  [0m] Started LSB: automatic crash report generation.
[[0;32m  OK  [0m] Started Dispatcher daemon for systemd-networkd.
[[0;32m  OK  [0m] Started Authorization Manager.
[[0;32m  OK  [0m] Started Accounts Service.
[[0;32m  OK  [0m] Started Virtualbox guest utils.
[[0;32m  OK  [0m] Started LXD - container startup/shutdown.
[[0;32m  OK  [0m] Started Snap Daemon.
         Starting Wait until snapd is fully seeded...
[[0;32m  OK  [0m] Started Pollinate to seed the pseudo random number generator.
         Starting OpenBSD Secure Shell server...
[[0;32m  OK  [0m] Started OpenBSD Secure Shell server.
[[0;32m  OK  [0m] Started Wait until snapd is fully seeded.
[[0;32m  OK  [0m] Reached target Multi-User System.
[[0;32m  OK  [0m] Reached target Graphical Interface.
         Starting Update UTMP about System Runlevel Changes...
         Starting Apply the settings specified in cloud-config...
[[0;32m  OK  [0m] Started Update UTMP about System Runlevel Changes.
[[0;32m  OK  [0m] Created slice User Slice of vagrant.
         Starting User Manager for UID 1000...
[[0;32m  OK  [0m] Started Session 1 of user vagrant.
[[0;32m  OK  [0m] Started User Manager for UID 1000.
[   20.327291] cloud-init[1259]: Cloud-init v. 21.3-1-g6803368d-0ubuntu1~18.04.4 running 'modules:config' at Fri, 05 Nov 2021 03:26:38 +0000. Up 18.79 seconds.
ci-info: no authorized SSH keys fingerprints found for user ubuntu.

Ubuntu 18.04.6 LTS ubuntu-bionic ttyS0

ubuntu-bionic login: <14>Nov  5 03:26:40 cloud-init: #############################################################
<14>Nov  5 03:26:40 cloud-init: -----BEGIN SSH HOST KEY FINGERPRINTS-----
<14>Nov  5 03:26:40 cloud-init: 1024 SHA256:rFok41YcIaVPo0De8kWpdLiCuF54JP5KXbW0XgwZVfc root@ubuntu-bionic (DSA)
<14>Nov  5 03:26:40 cloud-init: 256 SHA256:OxiUatkGl2cp0EPnac8rlnAgJ4IWWGp2F8swHc2XvLk root@ubuntu-bionic (ECDSA)
<14>Nov  5 03:26:40 cloud-init: 256 SHA256:GuwWIKPPTXmxLYRQhgShxDJhadhFI4SWpbG1CbzZP5Y root@ubuntu-bionic (ED25519)
<14>Nov  5 03:26:40 cloud-init: 2048 SHA256:OiMvBB/ETSSC0Sd1o2b1o4IDX+hOOf3k9J8/QG8VvBw root@ubuntu-bionic (RSA)
<14>Nov  5 03:26:40 cloud-init: -----END SSH HOST KEY FINGERPRINTS-----
<14>Nov  5 03:26:40 cloud-init: #############################################################
-----BEGIN SSH HOST KEY KEYS-----
ecdsa-sha2-nistp256 AAAAE2VjZHNhLXNoYTItbmlzdHAyNTYAAAAIbmlzdHAyNTYAAABBBB5uY1Dvb6ilquEGrVw3M2u9OOSgOu6YI4oc0UeLF/1fq/ysDTuLpQy/bFpbbI1RoyRgIVrNLfU8OxIWoD9pnjU= root@ubuntu-bionic
ssh-ed25519 AAAAC3NzaC1lZDI1NTE5AAAAIO1bdYa9cbq09h6TkPa8Tg3xm0g1hacngYyJGXM+4UY8 root@ubuntu-bionic
ssh-rsa AAAAB3NzaC1yc2EAAAADAQABAAABAQC47Fp0pA7sdYtA1fDNm0LwJxrKkOgGvUVQVAw2AbyPRQ+b18E4/zT4TfaV+bSF/P1+3qzxyJUcHijzZDdVcjrqkI0iNkjd/oRhduIdQY1SsDRz6uqT4CpsvaqzVDkbO1a4n0eu/fHCDKQSHtV6zzX/v1rIAOlG3bOLHldF88MVopgs8xo1+oTeNXFkIXgO1U8/EIjNHw7ePCZH6A9oZTVNgbGgJCY5QjwPTi+rmPgeoWsoSdmDPNz4Yi4o+pRyDccOlvuNZhNLpDxC9NU3Oeg2jyiUHEzjxDdxjRm4Vw/pjpjEuZ+/RiF3XuZ/jY+OHjr5VNA2Q38gm96HFVobMtxl root@ubuntu-bionic
-----END SSH HOST KEY KEYS-----
[   21.230004] cloud-init[1395]: Cloud-init v. 21.3-1-g6803368d-0ubuntu1~18.04.4 running 'modules:final' at Fri, 05 Nov 2021 03:26:40 +0000. Up 20.89 seconds.
[   21.233926] cloud-init[1395]: ci-info: no authorized SSH keys fingerprints found for user ubuntu.
[   21.240366] cloud-init[1395]: Cloud-init v. 21.3-1-g6803368d-0ubuntu1~18.04.4 finished at Fri, 05 Nov 2021 03:26:40 +0000. Datasource DataSourceNoCloud [seed=/dev/sdb][dsmode=net].  Up 21.21 seconds
[[0;32m  OK  [0m] Stopped target Cloud-init target.
[[0;32m  OK  [0m] Closed Load/Save RF Kill Switch Status /dev/rfkill Watch.
         Stopping User Manager for UID 1000...
         Stopping Session 6 of user vagrant.
[[0;32m  OK  [0m] Stopped target Timers.
[[0;32m  OK  [0m] Stopped Daily apt upgrade and clean activities.
[[0;32m  OK  [0m] Stopped Discard unused blocks once a week.
[[0;32m  OK  [0m] Stopped Daily apt download activities.
[[0;32m  OK  [0m] Stopped Message of the Day.
[[0;32m  OK  [0m] Stopped Daily Cleanup of Temporary Directories.
[[0;32m  OK  [0m] Stopped Ubuntu Advantage Timer for running repeated jobs.
         Stopping Availability of block 
         Stopping LSB: automatic crash report generation...
         Stopping LSB: Record successful boot for GRUB...
         Stopping Accounts Service...
         Stopping Authorization Manager...
[[0;32m  OK  [0m] Unmounted /var/lib/lxcfs.
[[0;32m  OK  [0m] Stopped Deferred execution scheduler.
[[0;32m  OK  [0m] Stopped Dispatcher daemon for systemd-networkd.
[[0;32m  OK  [0m] Stopped Regular background program processing daemon.
[[0;32m  OK  [0m] Stopped System Logging Service.
[[0;32m  OK  [0m] Stopped Accounts Service.
[[0;32m  OK  [0m] Stopped irqbalance daemon.
[[0;32m  OK  [0m] Stopped Authorization Manager.
[[0;32m  OK  [0m] Stopped Serial Getty on ttyS0.
[[0;32m  OK  [0m] Stopped Getty on tty1.
[[0;32m  OK  [0m] Stopped OpenBSD Secure Shell server.
[[0;32m  OK  [0m] Stopped User Manager for UID 1000.
[[0;32m  OK  [0m] Stopped Availability of block devices.
[[0;32m  OK  [0m] Stopped D-Bus System Message Bus.
[[0;32m  OK  [0m] Stopped FUSE filesystem for LXC.
[[0;32m  OK  [0m] Stopped Session 6 of user vagrant.
[[0;32m  OK  [0m] Stopped LXD - container startup/shutdown.
[[0;32m  OK  [0m] Removed slice User Slice of vagrant.
         Stopping Login Service...
[[0;32m  OK  [0m] Removed slice system-getty.slice.
         Stopping Permit User Sessions...
[[0;32m  OK  [0m] Removed slice system-serial\x2dgetty.slice.
[[0;32m  OK  [0m] Stopped Permit User Sessions.
[[0;32m  OK  [0m] Stopped LSB: Record successful boot for GRUB.
[[0;32m  OK  [0m] Stopped LSB: automatic crash report generation.
[[0;32m  OK  [0m] Stopped Virtualbox guest utils.
[[0;32m  OK  [0m] Stopped The Apache HTTP Server.
[[0;32m  OK  [0m] Stopped Login Service.
[[0;32m  OK  [0m] Stopped target User and Group Name Lookups.
[[0;32m  OK  [0m] Stopped target Basic System.
[[0;32m  OK  [0m] Stopped target Sockets.
[[0;32m  OK  [0m] Closed Open-iSCSI iscsid Socket.
[[0;32m  OK  [0m] Closed UUID daemon activation socket.
[[0;32m  OK  [0m] Closed LXD - unix socket.
[[0;32m  OK  [0m] Closed Socket activation for snappy daemon.
[[0;32m  OK  [0m] Closed ACPID Listen Socket.
[[0;32m  OK  [0m] Closed cloud-init hotplug hook socket.
[[0;32m  OK  [0m] Closed D-Bus System Message Bus Socket.
[[0;32m  OK  [0m] Closed Syslog Socket.
[[0;32m  OK  [0m] Stopped target Slices.
[[0;32m  OK  [0m] Removed slice User and Session Slice.
[[0;32m  OK  [0m] Stopped target Paths.
[[0;32m  OK  [0m] Stopped Trigger to poll for Ubuntu …(Only enabled on GCP LTS non-pro).
[[0;32m  OK  [0m] Stopped ACPI Events Check.
[[0;32m  OK  [0m] Stopped target System Initialization.
[[0;32m  OK  [0m] Stopped Commit a transient machine-id on disk.
         Stopping Load/Save Random Seed...
[[0;32m  OK  [0m] Stopped target Local Encrypted Volumes.
[[0;32m  OK  [0m] Stopped Dispatch Password Requests to Console Directory Watch.
[[0;32m  OK  [0m] Stopped Forward Password Requests to Wall Directory Watch.
         Stopping Update UTMP about System Boot/Shutdown...
[[0;32m  OK  [0m] Stopped target Remote File Systems.
         Unmounting /vagrant...
[[0;32m  OK  [0m] Stopped target Host and Network Name Lookups.
[[0;32m  OK  [0m] Stopped Load/Save Random Seed.
[[0;32m  OK  [0m] Unmounted /vagrant.
[[0;32m  OK  [0m] Stopped target Remote File Systems (Pre).
[[0;32m  OK  [0m] Stopped target Network is Online.
[[0;32m  OK  [0m] Stopped Initial cloud-init job (metadata service crawler).
[[0;32m  OK  [0m] Stopped target Network.
         Stopping Network Name Resolution...
[[0;32m  OK  [0m] Stopped Update UTMP about System Boot/Shutdown.
[[0;32m  OK  [0m] Stopped Network Name Resolution.
         Stopping Network Service...
[[0;32m  OK  [0m] Stopped Create Volatile Files and Directories.
[[0;32m  OK  [0m] Stopped target Local File Systems.
         Unmounting /run/user/1000...
[[0;32m  OK  [0m] Unmounted /run/user/1000.
[[0;32m  OK  [0m] Reached target Unmount All Filesystems.
[[0;32m  OK  [0m] Stopped target Swap.
[[0;32m  OK  [0m] Stopped target Local File Systems (Pre).
         Stopping Monitoring of LVM2 mirrors…ng dmeventd or progress polling...
[[0;32m  OK  [0m] Stopped Create Static Device Nodes in /dev.
[[0;32m  OK  [0m] Stopped Network Service.
[[0;32m  OK  [0m] Stopped Monitoring of LVM2 mirrors,…sing dmeventd or progress polling.
         Stopping LVM2 metadata daemon...
[[0;32m  OK  [0m] Stopped Apply Kernel Variables.
[[0;32m  OK  [0m] Stopped Load Kernel Modules.
[[0;32m  OK  [0m] Stopped target Network (Pre).
[[0;32m  OK  [0m] Stopped Initial cloud-init job (pre-networking).
[[0;32m  OK  [0m] Stopped Remount Root and Kernel File Systems.
[[0;32m  OK  [0m] Reached target Shutdown.
[[0;32m  OK  [0m] Reached target Final Step.
         Starting Power-Off...
[[0;32m  OK  [0m] Stopped LVM2 metadata daemon.
[  256.276861] reboot: Power down
